#
# There is insufficient memory for the Java Runtime Environment to continue.
# Native memory allocation (malloc) failed to allocate 1870896 bytes for Chunk::new
# Possible reasons:
#   The system is out of physical RAM or swap space
#   The process is running with CompressedOops enabled, and the Java Heap may be blocking the growth of the native heap
# Possible solutions:
#   Reduce memory load on the system
#   Increase physical memory or swap space
#   Check if swap backing store is full
#   Decrease Java heap size (-Xmx/-Xms)
#   Decrease number of Java threads
#   Decrease Java thread stack sizes (-Xss)
#   Set larger code cache with -XX:ReservedCodeCacheSize=
#   JVM is running with Unscaled Compressed Oops mode in which the Java heap is
#     placed in the first 4GB address space. The Java Heap base address is the
#     maximum limit for the native heap growth. Please use -XX:HeapBaseMinAddress
#     to set the Java Heap base and to place the Java Heap above 4GB virtual address.
# This output file may be truncated or incomplete.
#
#  Out of Memory Error (arena.cpp:168), pid=9940, tid=1296
#
# JRE version: OpenJDK Runtime Environment (21.0.1+12) (build 21.0.1+12-29)
# Java VM: OpenJDK 64-Bit Server VM (21.0.1+12-29, mixed mode, sharing, tiered, compressed oops, compressed class ptrs, g1 gc, windows-amd64)
# No core dump will be written. Minidumps are not enabled by default on client versions of Windows
#

---------------  S U M M A R Y ------------

Command Line: -javaagent:C:\Program Files\JetBrains\IntelliJ IDEA Community Edition 2025.1.1.1\lib\idea_rt.jar=54768 -Dfile.encoding=UTF-8 -Dsun.stdout.encoding=UTF-8 -Dsun.stderr.encoding=UTF-8 com.example.Hostel.HostelApplication

Host: AMD Ryzen 3 5300U with Radeon Graphics         , 8 cores, 3G,  Windows 11 , 64 bit Build 26100 (10.0.26100.3912)
Time: Thu May 22 13:18:08 2025 India Standard Time elapsed time: 95.620358 seconds (0d 0h 1m 35s)

---------------  T H R E A D  ---------------

Current thread (0x0000026a473d5840):  JavaThread "C2 CompilerThread0" daemon [_thread_in_native, id=1296, stack(0x000000b258000000,0x000000b258100000) (1024K)]


Current CompileTask:
C2:  95623 5531       4       org.springframework.beans.factory.support.AbstractBeanFactory::isTypeMatch (745 bytes)

Stack: [0x000000b258000000,0x000000b258100000]
Native frames: (J=compiled Java code, j=interpreted, Vv=VM code, C=native code)
V  [jvm.dll+0x6c9029]
V  [jvm.dll+0x854b81]
V  [jvm.dll+0x856e5e]
V  [jvm.dll+0x857543]
V  [jvm.dll+0x280c06]
V  [jvm.dll+0xc3ead]
V  [jvm.dll+0xc43c3]
V  [jvm.dll+0x3b576c]
V  [jvm.dll+0x1e20b9]
V  [jvm.dll+0x249c22]
V  [jvm.dll+0x2490b1]
V  [jvm.dll+0x1c9ca1]
V  [jvm.dll+0x2586b9]
V  [jvm.dll+0x256c9a]
V  [jvm.dll+0x3ef1b6]
V  [jvm.dll+0x7fd728]
V  [jvm.dll+0x6c777d]
C  [ucrtbase.dll+0x37b0]
C  [KERNEL32.DLL+0x2e8d7]
C  [ntdll.dll+0x9c5dc]


---------------  P R O C E S S  ---------------

Threads class SMR info:
_java_thread_list=0x0000026a8e1bec40, length=28, elements={
0x0000026a473be380, 0x0000026a473c1d10, 0x0000026a473cbe80, 0x0000026a473cc8e0,
0x0000026a473ceeb0, 0x0000026a473d3c60, 0x0000026a473d5840, 0x0000026a473d7130,
0x0000026a476026e0, 0x0000026a8d100a60, 0x0000026a8d1018f0, 0x0000026a8e92dd30,
0x0000026a8e825770, 0x0000026a8f3463a0, 0x0000026a8de30520, 0x0000026a8de318d0,
0x0000026a8de2eae0, 0x0000026a9000e520, 0x0000026a9000d170, 0x0000026a9000cae0,
0x0000026a900105f0, 0x0000026a9000de90, 0x0000026a9000ebb0, 0x0000026a9000f240,
0x0000026a9000f8d0, 0x0000026a90010c80, 0x0000026a9000ff60, 0x0000026a9000d800
}

Java Threads: ( => current thread )
  0x0000026a473be380 JavaThread "Reference Handler"          daemon [_thread_blocked, id=9072, stack(0x000000b257a00000,0x000000b257b00000) (1024K)]
  0x0000026a473c1d10 JavaThread "Finalizer"                  daemon [_thread_blocked, id=2524, stack(0x000000b257b00000,0x000000b257c00000) (1024K)]
  0x0000026a473cbe80 JavaThread "Signal Dispatcher"          daemon [_thread_blocked, id=10000, stack(0x000000b257c00000,0x000000b257d00000) (1024K)]
  0x0000026a473cc8e0 JavaThread "Attach Listener"            daemon [_thread_blocked, id=22108, stack(0x000000b257d00000,0x000000b257e00000) (1024K)]
  0x0000026a473ceeb0 JavaThread "Service Thread"             daemon [_thread_blocked, id=10252, stack(0x000000b257e00000,0x000000b257f00000) (1024K)]
  0x0000026a473d3c60 JavaThread "Monitor Deflation Thread"   daemon [_thread_blocked, id=4092, stack(0x000000b257f00000,0x000000b258000000) (1024K)]
=>0x0000026a473d5840 JavaThread "C2 CompilerThread0"         daemon [_thread_in_native, id=1296, stack(0x000000b258000000,0x000000b258100000) (1024K)]
  0x0000026a473d7130 JavaThread "C1 CompilerThread0"         daemon [_thread_blocked, id=9932, stack(0x000000b258100000,0x000000b258200000) (1024K)]
  0x0000026a476026e0 JavaThread "Common-Cleaner"             daemon [_thread_blocked, id=1052, stack(0x000000b258200000,0x000000b258300000) (1024K)]
  0x0000026a8d100a60 JavaThread "Monitor Ctrl-Break"         daemon [_thread_in_native, id=23036, stack(0x000000b258300000,0x000000b258400000) (1024K)]
  0x0000026a8d1018f0 JavaThread "Notification Thread"        daemon [_thread_blocked, id=8812, stack(0x000000b258400000,0x000000b258500000) (1024K)]
  0x0000026a8e92dd30 JavaThread "Catalina-utility-1"                [_thread_blocked, id=22436, stack(0x000000b258a00000,0x000000b258b00000) (1024K)]
  0x0000026a8e825770 JavaThread "Catalina-utility-2"                [_thread_blocked, id=3920, stack(0x000000b258e00000,0x000000b258f00000) (1024K)]
  0x0000026a8f3463a0 JavaThread "container-0"                       [_thread_blocked, id=3288, stack(0x000000b258f00000,0x000000b259000000) (1024K)]
  0x0000026a8de30520 JavaThread "HikariPool-1 housekeeper"   daemon [_thread_blocked, id=3580, stack(0x000000b259000000,0x000000b259100000) (1024K)]
  0x0000026a8de318d0 JavaThread "http-nio-8080-exec-1"       daemon [_thread_in_native, id=19852, stack(0x000000b259200000,0x000000b259300000) (1024K)]
  0x0000026a8de2eae0 JavaThread "http-nio-8080-exec-2"       daemon [_thread_blocked, id=13524, stack(0x000000b259300000,0x000000b259400000) (1024K)]
  0x0000026a9000e520 JavaThread "http-nio-8080-exec-3"       daemon [_thread_blocked, id=12556, stack(0x000000b259400000,0x000000b259500000) (1024K)]
  0x0000026a9000d170 JavaThread "http-nio-8080-exec-4"       daemon [_thread_blocked, id=23472, stack(0x000000b259500000,0x000000b259600000) (1024K)]
  0x0000026a9000cae0 JavaThread "http-nio-8080-exec-5"       daemon [_thread_blocked, id=9476, stack(0x000000b259600000,0x000000b259700000) (1024K)]
  0x0000026a900105f0 JavaThread "http-nio-8080-exec-6"       daemon [_thread_blocked, id=7040, stack(0x000000b259700000,0x000000b259800000) (1024K)]
  0x0000026a9000de90 JavaThread "http-nio-8080-exec-7"       daemon [_thread_blocked, id=8228, stack(0x000000b259800000,0x000000b259900000) (1024K)]
  0x0000026a9000ebb0 JavaThread "http-nio-8080-exec-8"       daemon [_thread_blocked, id=20204, stack(0x000000b259900000,0x000000b259a00000) (1024K)]
  0x0000026a9000f240 JavaThread "http-nio-8080-exec-9"       daemon [_thread_blocked, id=19496, stack(0x000000b259a00000,0x000000b259b00000) (1024K)]
  0x0000026a9000f8d0 JavaThread "http-nio-8080-exec-10"      daemon [_thread_blocked, id=21112, stack(0x000000b259b00000,0x000000b259c00000) (1024K)]
  0x0000026a90010c80 JavaThread "http-nio-8080-Poller"       daemon [_thread_in_native, id=9024, stack(0x000000b259c00000,0x000000b259d00000) (1024K)]
  0x0000026a9000ff60 JavaThread "http-nio-8080-Acceptor"     daemon [_thread_in_native, id=9316, stack(0x000000b259d00000,0x000000b259e00000) (1024K)]
  0x0000026a9000d800 JavaThread "DestroyJavaVM"                     [_thread_blocked, id=4340, stack(0x000000b257200000,0x000000b257300000) (1024K)]
Total: 28

Other Threads:
  0x0000026a4739c690 VMThread "VM Thread"                           [id=21588, stack(0x000000b257900000,0x000000b257a00000) (1024K)]
  0x0000026a47384110 WatcherThread "VM Periodic Task Thread"        [id=20820, stack(0x000000b257800000,0x000000b257900000) (1024K)]
  0x0000026a2b992660 WorkerThread "GC Thread#0"                     [id=8624, stack(0x000000b257300000,0x000000b257400000) (1024K)]
  0x0000026a8d7e2fb0 WorkerThread "GC Thread#1"                     [id=23032, stack(0x000000b258500000,0x000000b258600000) (1024K)]
  0x0000026a8d7e3960 WorkerThread "GC Thread#2"                     [id=5112, stack(0x000000b258600000,0x000000b258700000) (1024K)]
  0x0000026a8d89bd40 WorkerThread "GC Thread#3"                     [id=22068, stack(0x000000b258700000,0x000000b258800000) (1024K)]
  0x0000026a8d89c900 WorkerThread "GC Thread#4"                     [id=18236, stack(0x000000b258800000,0x000000b258900000) (1024K)]
  0x0000026a8d89ceb0 WorkerThread "GC Thread#5"                     [id=15376, stack(0x000000b258900000,0x000000b258a00000) (1024K)]
  0x0000026a8e02a250 WorkerThread "GC Thread#6"                     [id=13928, stack(0x000000b258b00000,0x000000b258c00000) (1024K)]
  0x0000026a8e02a5f0 WorkerThread "GC Thread#7"                     [id=10040, stack(0x000000b258c00000,0x000000b258d00000) (1024K)]
  0x0000026a2b99b0d0 ConcurrentGCThread "G1 Main Marker"            [id=4636, stack(0x000000b257400000,0x000000b257500000) (1024K)]
  0x0000026a2b99c370 WorkerThread "G1 Conc#0"                       [id=22604, stack(0x000000b257500000,0x000000b257600000) (1024K)]
  0x0000026a8e6f6e80 WorkerThread "G1 Conc#1"                       [id=22600, stack(0x000000b258d00000,0x000000b258e00000) (1024K)]
  0x0000026a472610b0 ConcurrentGCThread "G1 Refine#0"               [id=19792, stack(0x000000b257600000,0x000000b257700000) (1024K)]
  0x0000026a47262ad0 ConcurrentGCThread "G1 Service"                [id=4404, stack(0x000000b257700000,0x000000b257800000) (1024K)]
Total: 15

Threads with active compile tasks:
C2 CompilerThread0    95686 5531       4       org.springframework.beans.factory.support.AbstractBeanFactory::isTypeMatch (745 bytes)
C1 CompilerThread0    95686 5551       3       java.lang.invoke.MethodHandles::dropArgumentChecks (92 bytes)
Total: 2

VM state: not at safepoint (normal execution)

VM Mutex/Monitor currently owned by a thread: None

Heap address: 0x00000000ca600000, size: 858 MB, Compressed Oops mode: 32-bit

CDS archive(s) mapped at: [0x0000026a48000000-0x0000026a48c90000-0x0000026a48c90000), size 13172736, SharedBaseAddress: 0x0000026a48000000, ArchiveRelocationMode: 1.
Compressed class space mapped at: 0x0000026a49000000-0x0000026a89000000, reserved size: 1073741824
Narrow klass base: 0x0000026a48000000, Narrow klass shift: 0, Narrow klass range: 0x100000000

GC Precious Log:
 CardTable entry size: 512
 Card Set container configuration: InlinePtr #cards 5 size 8 Array Of Cards #cards 12 size 40 Howl #buckets 4 coarsen threshold 1843 Howl Bitmap #cards 512 size 80 coarsen threshold 460 Card regions per heap region 1 cards per card region 2048
 CPUs: 8 total, 8 available
 Memory: 3429M
 Large Page Support: Disabled
 NUMA Support: Disabled
 Compressed Oops: Enabled (32-bit)
 Heap Region Size: 1M
 Heap Min Capacity: 8M
 Heap Initial Capacity: 54M
 Heap Max Capacity: 858M
 Pre-touch: Disabled
 Parallel Workers: 8
 Concurrent Workers: 2
 Concurrent Refinement Workers: 8
 Periodic GC: Disabled

Heap:
 garbage-first heap   total 55296K, used 35354K [0x00000000ca600000, 0x0000000100000000)
  region size 1024K, 10 young (10240K), 3 survivors (3072K)
 Metaspace       used 66777K, committed 67520K, reserved 1114112K
  class space    used 8982K, committed 9344K, reserved 1048576K

Heap Regions: E=young(eden), S=young(survivor), O=old, HS=humongous(starts), HC=humongous(continues), CS=collection set, F=free, TAMS=top-at-mark-start, PB=parsable bottom
|   0|0x00000000ca600000, 0x00000000ca700000, 0x00000000ca700000|100%|HS|  |TAMS 0x00000000ca600000| PB 0x00000000ca600000| Complete 
|   1|0x00000000ca700000, 0x00000000ca800000, 0x00000000ca800000|100%|HS|  |TAMS 0x00000000ca700000| PB 0x00000000ca700000| Complete 
|   2|0x00000000ca800000, 0x00000000ca900000, 0x00000000ca900000|100%| O|  |TAMS 0x00000000ca800000| PB 0x00000000ca800000| Untracked 
|   3|0x00000000ca900000, 0x00000000caa00000, 0x00000000caa00000|100%| O|  |TAMS 0x00000000ca900000| PB 0x00000000ca900000| Untracked 
|   4|0x00000000caa00000, 0x00000000cab00000, 0x00000000cab00000|100%| O|  |TAMS 0x00000000caa00000| PB 0x00000000caa00000| Untracked 
|   5|0x00000000cab00000, 0x00000000cac00000, 0x00000000cac00000|100%| O|  |TAMS 0x00000000cab00000| PB 0x00000000cab00000| Untracked 
|   6|0x00000000cac00000, 0x00000000cad00000, 0x00000000cad00000|100%| O|  |TAMS 0x00000000cac00000| PB 0x00000000cac00000| Untracked 
|   7|0x00000000cad00000, 0x00000000cae00000, 0x00000000cae00000|100%| O|  |TAMS 0x00000000cad00000| PB 0x00000000cad00000| Untracked 
|   8|0x00000000cae00000, 0x00000000caf00000, 0x00000000caf00000|100%| O|  |TAMS 0x00000000cae00000| PB 0x00000000cae00000| Untracked 
|   9|0x00000000caf00000, 0x00000000cb000000, 0x00000000cb000000|100%| O|  |TAMS 0x00000000caf00000| PB 0x00000000caf00000| Untracked 
|  10|0x00000000cb000000, 0x00000000cb100000, 0x00000000cb100000|100%| O|  |TAMS 0x00000000cb000000| PB 0x00000000cb000000| Untracked 
|  11|0x00000000cb100000, 0x00000000cb200000, 0x00000000cb200000|100%| O|  |TAMS 0x00000000cb100000| PB 0x00000000cb100000| Untracked 
|  12|0x00000000cb200000, 0x00000000cb300000, 0x00000000cb300000|100%| O|  |TAMS 0x00000000cb200000| PB 0x00000000cb200000| Untracked 
|  13|0x00000000cb300000, 0x00000000cb400000, 0x00000000cb400000|100%| O|  |TAMS 0x00000000cb300000| PB 0x00000000cb300000| Untracked 
|  14|0x00000000cb400000, 0x00000000cb500000, 0x00000000cb500000|100%| O|  |TAMS 0x00000000cb400000| PB 0x00000000cb400000| Untracked 
|  15|0x00000000cb500000, 0x00000000cb600000, 0x00000000cb600000|100%| O|  |TAMS 0x00000000cb500000| PB 0x00000000cb500000| Untracked 
|  16|0x00000000cb600000, 0x00000000cb700000, 0x00000000cb700000|100%| O|  |TAMS 0x00000000cb600000| PB 0x00000000cb600000| Untracked 
|  17|0x00000000cb700000, 0x00000000cb700000, 0x00000000cb800000|  0%| F|  |TAMS 0x00000000cb700000| PB 0x00000000cb700000| Untracked 
|  18|0x00000000cb800000, 0x00000000cb900000, 0x00000000cb900000|100%| O|  |TAMS 0x00000000cb800000| PB 0x00000000cb800000| Untracked 
|  19|0x00000000cb900000, 0x00000000cba00000, 0x00000000cba00000|100%| O|  |TAMS 0x00000000cb900000| PB 0x00000000cb900000| Untracked 
|  20|0x00000000cba00000, 0x00000000cbb00000, 0x00000000cbb00000|100%| O|  |TAMS 0x00000000cba00000| PB 0x00000000cba00000| Untracked 
|  21|0x00000000cbb00000, 0x00000000cbc00000, 0x00000000cbc00000|100%| O|  |TAMS 0x00000000cbb00000| PB 0x00000000cbb00000| Untracked 
|  22|0x00000000cbc00000, 0x00000000cbd00000, 0x00000000cbd00000|100%| O|  |TAMS 0x00000000cbc00000| PB 0x00000000cbc00000| Untracked 
|  23|0x00000000cbd00000, 0x00000000cbe00000, 0x00000000cbe00000|100%| O|  |TAMS 0x00000000cbd00000| PB 0x00000000cbd00000| Untracked 
|  24|0x00000000cbe00000, 0x00000000cbf00000, 0x00000000cbf00000|100%| O|  |TAMS 0x00000000cbe00000| PB 0x00000000cbe00000| Untracked 
|  25|0x00000000cbf00000, 0x00000000cc000000, 0x00000000cc000000|100%| O|  |TAMS 0x00000000cbf00000| PB 0x00000000cbf00000| Untracked 
|  26|0x00000000cc000000, 0x00000000cc100000, 0x00000000cc100000|100%| O|  |TAMS 0x00000000cc000000| PB 0x00000000cc000000| Untracked 
|  27|0x00000000cc100000, 0x00000000cc100000, 0x00000000cc200000|  0%| F|  |TAMS 0x00000000cc100000| PB 0x00000000cc100000| Untracked 
|  28|0x00000000cc200000, 0x00000000cc200000, 0x00000000cc300000|  0%| F|  |TAMS 0x00000000cc200000| PB 0x00000000cc200000| Untracked 
|  29|0x00000000cc300000, 0x00000000cc300000, 0x00000000cc400000|  0%| F|  |TAMS 0x00000000cc300000| PB 0x00000000cc300000| Untracked 
|  30|0x00000000cc400000, 0x00000000cc449d88, 0x00000000cc500000| 28%| O|  |TAMS 0x00000000cc400000| PB 0x00000000cc400000| Untracked 
|  31|0x00000000cc500000, 0x00000000cc500000, 0x00000000cc600000|  0%| F|  |TAMS 0x00000000cc500000| PB 0x00000000cc500000| Untracked 
|  32|0x00000000cc600000, 0x00000000cc63cba0, 0x00000000cc700000| 23%| S|CS|TAMS 0x00000000cc600000| PB 0x00000000cc600000| Complete 
|  33|0x00000000cc700000, 0x00000000cc800000, 0x00000000cc800000|100%| S|CS|TAMS 0x00000000cc700000| PB 0x00000000cc700000| Complete 
|  34|0x00000000cc800000, 0x00000000cc900000, 0x00000000cc900000|100%| S|CS|TAMS 0x00000000cc800000| PB 0x00000000cc800000| Complete 
|  35|0x00000000cc900000, 0x00000000cc900000, 0x00000000cca00000|  0%| F|  |TAMS 0x00000000cc900000| PB 0x00000000cc900000| Untracked 
|  36|0x00000000cca00000, 0x00000000cca00000, 0x00000000ccb00000|  0%| F|  |TAMS 0x00000000cca00000| PB 0x00000000cca00000| Untracked 
|  37|0x00000000ccb00000, 0x00000000ccb00000, 0x00000000ccc00000|  0%| F|  |TAMS 0x00000000ccb00000| PB 0x00000000ccb00000| Untracked 
|  38|0x00000000ccc00000, 0x00000000ccc00000, 0x00000000ccd00000|  0%| F|  |TAMS 0x00000000ccc00000| PB 0x00000000ccc00000| Untracked 
|  39|0x00000000ccd00000, 0x00000000ccd00000, 0x00000000cce00000|  0%| F|  |TAMS 0x00000000ccd00000| PB 0x00000000ccd00000| Untracked 
|  40|0x00000000cce00000, 0x00000000cce00000, 0x00000000ccf00000|  0%| F|  |TAMS 0x00000000cce00000| PB 0x00000000cce00000| Untracked 
|  41|0x00000000ccf00000, 0x00000000ccf00000, 0x00000000cd000000|  0%| F|  |TAMS 0x00000000ccf00000| PB 0x00000000ccf00000| Untracked 
|  42|0x00000000cd000000, 0x00000000cd000000, 0x00000000cd100000|  0%| F|  |TAMS 0x00000000cd000000| PB 0x00000000cd000000| Untracked 
|  43|0x00000000cd100000, 0x00000000cd100000, 0x00000000cd200000|  0%| F|  |TAMS 0x00000000cd100000| PB 0x00000000cd100000| Untracked 
|  44|0x00000000cd200000, 0x00000000cd200000, 0x00000000cd300000|  0%| F|  |TAMS 0x00000000cd200000| PB 0x00000000cd200000| Untracked 
|  45|0x00000000cd300000, 0x00000000cd300000, 0x00000000cd400000|  0%| F|  |TAMS 0x00000000cd300000| PB 0x00000000cd300000| Untracked 
|  46|0x00000000cd400000, 0x00000000cd400000, 0x00000000cd500000|  0%| F|  |TAMS 0x00000000cd400000| PB 0x00000000cd400000| Untracked 
|  47|0x00000000cd500000, 0x00000000cd5b6d80, 0x00000000cd600000| 71%| E|  |TAMS 0x00000000cd500000| PB 0x00000000cd500000| Complete 
|  48|0x00000000cd600000, 0x00000000cd700000, 0x00000000cd700000|100%| E|CS|TAMS 0x00000000cd600000| PB 0x00000000cd600000| Complete 
|  49|0x00000000cd700000, 0x00000000cd800000, 0x00000000cd800000|100%| E|CS|TAMS 0x00000000cd700000| PB 0x00000000cd700000| Complete 
|  50|0x00000000cd800000, 0x00000000cd900000, 0x00000000cd900000|100%| E|CS|TAMS 0x00000000cd800000| PB 0x00000000cd800000| Complete 
|  51|0x00000000cd900000, 0x00000000cda00000, 0x00000000cda00000|100%| E|CS|TAMS 0x00000000cd900000| PB 0x00000000cd900000| Complete 
|  52|0x00000000cda00000, 0x00000000cdb00000, 0x00000000cdb00000|100%| E|CS|TAMS 0x00000000cda00000| PB 0x00000000cda00000| Complete 
|  53|0x00000000cdb00000, 0x00000000cdc00000, 0x00000000cdc00000|100%| E|CS|TAMS 0x00000000cdb00000| PB 0x00000000cdb00000| Complete 

Card table byte_map: [0x0000026a43a80000,0x0000026a43c30000] _byte_map_base: 0x0000026a4342d000

Marking Bits: (CMBitMap*) 0x0000026a2b992d60
 Bits: [0x0000026a43c30000, 0x0000026a44998000)

Polling page: 0x0000026a2ba10000

Metaspace:

Usage:
  Non-class:     56.44 MB used.
      Class:      8.77 MB used.
       Both:     65.22 MB used.

Virtual space:
  Non-class space:       64.00 MB reserved,      56.81 MB ( 89%) committed,  1 nodes.
      Class space:        1.00 GB reserved,       9.12 MB ( <1%) committed,  1 nodes.
             Both:        1.06 GB reserved,      65.94 MB (  6%) committed. 

Chunk freelists:
   Non-Class:  6.89 MB
       Class:  6.92 MB
        Both:  13.81 MB

MaxMetaspaceSize: unlimited
CompressedClassSpaceSize: 1.00 GB
Initial GC threshold: 21.00 MB
Current GC threshold: 98.25 MB
CDS: on
 - commit_granule_bytes: 65536.
 - commit_granule_words: 8192.
 - virtual_space_node_default_size: 8388608.
 - enlarge_chunks_in_place: 1.
 - use_allocation_guard: 0.


Internal statistics:

num_allocs_failed_limit: 9.
num_arena_births: 1070.
num_arena_deaths: 0.
num_vsnodes_births: 2.
num_vsnodes_deaths: 0.
num_space_committed: 1055.
num_space_uncommitted: 0.
num_chunks_returned_to_freelist: 9.
num_chunks_taken_from_freelist: 3535.
num_chunk_merges: 9.
num_chunk_splits: 2552.
num_chunks_enlarged: 1997.
num_inconsistent_stats: 0.

CodeHeap 'non-profiled nmethods': size=120000Kb used=2974Kb max_used=2974Kb free=117025Kb
 bounds [0x0000026a3b940000, 0x0000026a3bc30000, 0x0000026a42e70000]
CodeHeap 'profiled nmethods': size=120000Kb used=9032Kb max_used=9032Kb free=110967Kb
 bounds [0x0000026a33e70000, 0x0000026a34750000, 0x0000026a3b3a0000]
CodeHeap 'non-nmethods': size=5760Kb used=1689Kb max_used=1724Kb free=4070Kb
 bounds [0x0000026a3b3a0000, 0x0000026a3b610000, 0x0000026a3b940000]
 total_blobs=5559 nmethods=4836 adapters=627
 compilation: enabled
              stopped_count=0, restarted_count=0
 full_count=0

Compilation events (20 events):
Event: 93.197 Thread 0x0000026a473d7130 5533       1       org.apache.tomcat.util.http.MimeHeaderField::getName (5 bytes)
Event: 93.198 Thread 0x0000026a473d7130 nmethod 5533 0x0000026a3ba16b90 code [0x0000026a3ba16d20, 0x0000026a3ba16de8]
Event: 93.449 Thread 0x0000026a473d7130 5536       3       java.util.Collections$UnmodifiableMap::isEmpty (10 bytes)
Event: 93.450 Thread 0x0000026a473d7130 nmethod 5536 0x0000026a34737410 code [0x0000026a347375c0, 0x0000026a34737798]
Event: 93.457 Thread 0x0000026a473d7130 5537   !   3       jdk.proxy2.$Proxy127::annotationType (29 bytes)
Event: 93.459 Thread 0x0000026a473d7130 nmethod 5537 0x0000026a34737890 code [0x0000026a34737a60, 0x0000026a34737e60]
Event: 93.461 Thread 0x0000026a473d7130 5540       3       org.springframework.core.annotation.AnnotationTypeMapping::computeSynthesizableFlag (226 bytes)
Event: 93.464 Thread 0x0000026a473d7130 nmethod 5540 0x0000026a34738010 code [0x0000026a34738320, 0x0000026a34739590]
Event: 93.464 Thread 0x0000026a473d7130 5542   !   3       jdk.proxy1.$Proxy3::annotationType (29 bytes)
Event: 93.464 Thread 0x0000026a473d7130 nmethod 5542 0x0000026a34739b90 code [0x0000026a34739d60, 0x0000026a3473a160]
Event: 93.470 Thread 0x0000026a473d7130 5543   !   3       jdk.proxy2.$Proxy12::attribute (29 bytes)
Event: 93.470 Thread 0x0000026a473d7130 nmethod 5543 0x0000026a3473a310 code [0x0000026a3473a4e0, 0x0000026a3473a8e0]
Event: 93.470 Thread 0x0000026a473d7130 5544       3       org.springframework.core.annotation.AnnotationsScanner::getDeclaredAnnotation (55 bytes)
Event: 93.471 Thread 0x0000026a473d7130 nmethod 5544 0x0000026a3473aa90 code [0x0000026a3473ac60, 0x0000026a3473afe8]
Event: 94.529 Thread 0x0000026a473d7130 5546       3       org.springframework.core.annotation.AnnotationTypeMapping::isCompatibleReturnType (19 bytes)
Event: 94.529 Thread 0x0000026a473d7130 nmethod 5546 0x0000026a3473b190 code [0x0000026a3473b360, 0x0000026a3473b608]
Event: 94.529 Thread 0x0000026a473d7130 5547       3       org.springframework.core.annotation.AnnotationTypeMapping::isAliasPair (17 bytes)
Event: 94.529 Thread 0x0000026a473d7130 nmethod 5547 0x0000026a3473b710 code [0x0000026a3473b8c0, 0x0000026a3473ba50]
Event: 95.296 Thread 0x0000026a473d7130 5548       1       java.util.concurrent.ThreadPoolExecutor::getQueue (5 bytes)
Event: 95.297 Thread 0x0000026a473d7130 nmethod 5548 0x0000026a3bc27390 code [0x0000026a3bc27520, 0x0000026a3bc275e8]

GC Heap History (20 events):
Event: 3.551 GC heap before
{Heap before GC invocations=4 (full 0):
 garbage-first heap   total 55296K, used 14882K [0x00000000ca600000, 0x0000000100000000)
  region size 1024K, 4 young (4096K), 3 survivors (3072K)
 Metaspace       used 21181K, committed 21504K, reserved 1114112K
  class space    used 2555K, committed 2752K, reserved 1048576K
}
Event: 3.555 GC heap after
{Heap after GC invocations=5 (full 0):
 garbage-first heap   total 55296K, used 15331K [0x00000000ca600000, 0x0000000100000000)
  region size 1024K, 1 young (1024K), 1 survivors (1024K)
 Metaspace       used 21181K, committed 21504K, reserved 1114112K
  class space    used 2555K, committed 2752K, reserved 1048576K
}
Event: 4.552 GC heap before
{Heap before GC invocations=6 (full 0):
 garbage-first heap   total 55296K, used 40931K [0x00000000ca600000, 0x0000000100000000)
  region size 1024K, 27 young (27648K), 1 survivors (1024K)
 Metaspace       used 25807K, committed 26176K, reserved 1114112K
  class space    used 3238K, committed 3392K, reserved 1048576K
}
Event: 4.559 GC heap after
{Heap after GC invocations=7 (full 0):
 garbage-first heap   total 55296K, used 17834K [0x00000000ca600000, 0x0000000100000000)
  region size 1024K, 3 young (3072K), 3 survivors (3072K)
 Metaspace       used 25807K, committed 26176K, reserved 1114112K
  class space    used 3238K, committed 3392K, reserved 1048576K
}
Event: 5.627 GC heap before
{Heap before GC invocations=7 (full 0):
 garbage-first heap   total 55296K, used 43434K [0x00000000ca600000, 0x0000000100000000)
  region size 1024K, 29 young (29696K), 3 survivors (3072K)
 Metaspace       used 31441K, committed 31872K, reserved 1114112K
  class space    used 3960K, committed 4160K, reserved 1048576K
}
Event: 5.633 GC heap after
{Heap after GC invocations=8 (full 0):
 garbage-first heap   total 55296K, used 19509K [0x00000000ca600000, 0x0000000100000000)
  region size 1024K, 3 young (3072K), 3 survivors (3072K)
 Metaspace       used 31441K, committed 31872K, reserved 1114112K
  class space    used 3960K, committed 4160K, reserved 1048576K
}
Event: 6.069 GC heap before
{Heap before GC invocations=8 (full 0):
 garbage-first heap   total 55296K, used 32821K [0x00000000ca600000, 0x0000000100000000)
  region size 1024K, 18 young (18432K), 3 survivors (3072K)
 Metaspace       used 35534K, committed 35968K, reserved 1114112K
  class space    used 4625K, committed 4800K, reserved 1048576K
}
Event: 6.072 GC heap after
{Heap after GC invocations=9 (full 0):
 garbage-first heap   total 55296K, used 20320K [0x00000000ca600000, 0x0000000100000000)
  region size 1024K, 3 young (3072K), 3 survivors (3072K)
 Metaspace       used 35534K, committed 35968K, reserved 1114112K
  class space    used 4625K, committed 4800K, reserved 1048576K
}
Event: 6.845 GC heap before
{Heap before GC invocations=10 (full 0):
 garbage-first heap   total 55296K, used 45920K [0x00000000ca600000, 0x0000000100000000)
  region size 1024K, 29 young (29696K), 3 survivors (3072K)
 Metaspace       used 43713K, committed 44224K, reserved 1114112K
  class space    used 5704K, committed 5952K, reserved 1048576K
}
Event: 6.851 GC heap after
{Heap after GC invocations=11 (full 0):
 garbage-first heap   total 55296K, used 22200K [0x00000000ca600000, 0x0000000100000000)
  region size 1024K, 3 young (3072K), 3 survivors (3072K)
 Metaspace       used 43713K, committed 44224K, reserved 1114112K
  class space    used 5704K, committed 5952K, reserved 1048576K
}
Event: 7.494 GC heap before
{Heap before GC invocations=11 (full 0):
 garbage-first heap   total 55296K, used 46776K [0x00000000ca600000, 0x0000000100000000)
  region size 1024K, 28 young (28672K), 3 survivors (3072K)
 Metaspace       used 51929K, committed 52480K, reserved 1114112K
  class space    used 6921K, committed 7168K, reserved 1048576K
}
Event: 7.499 GC heap after
{Heap after GC invocations=12 (full 0):
 garbage-first heap   total 55296K, used 23461K [0x00000000ca600000, 0x0000000100000000)
  region size 1024K, 4 young (4096K), 4 survivors (4096K)
 Metaspace       used 51929K, committed 52480K, reserved 1114112K
  class space    used 6921K, committed 7168K, reserved 1048576K
}
Event: 7.986 GC heap before
{Heap before GC invocations=12 (full 0):
 garbage-first heap   total 55296K, used 44965K [0x00000000ca600000, 0x0000000100000000)
  region size 1024K, 26 young (26624K), 4 survivors (4096K)
 Metaspace       used 58103K, committed 58688K, reserved 1114112K
  class space    used 7775K, committed 8064K, reserved 1048576K
}
Event: 7.990 GC heap after
{Heap after GC invocations=13 (full 0):
 garbage-first heap   total 55296K, used 24606K [0x00000000ca600000, 0x0000000100000000)
  region size 1024K, 3 young (3072K), 3 survivors (3072K)
 Metaspace       used 58103K, committed 58688K, reserved 1114112K
  class space    used 7775K, committed 8064K, reserved 1048576K
}
Event: 8.170 GC heap before
{Heap before GC invocations=13 (full 0):
 garbage-first heap   total 55296K, used 29726K [0x00000000ca600000, 0x0000000100000000)
  region size 1024K, 10 young (10240K), 3 survivors (3072K)
 Metaspace       used 59639K, committed 60160K, reserved 1114112K
  class space    used 7948K, committed 8192K, reserved 1048576K
}
Event: 8.174 GC heap after
{Heap after GC invocations=14 (full 0):
 garbage-first heap   total 55296K, used 25313K [0x00000000ca600000, 0x0000000100000000)
  region size 1024K, 3 young (3072K), 3 survivors (3072K)
 Metaspace       used 59639K, committed 60160K, reserved 1114112K
  class space    used 7948K, committed 8192K, reserved 1048576K
}
Event: 8.708 GC heap before
{Heap before GC invocations=15 (full 0):
 garbage-first heap   total 55296K, used 46817K [0x00000000ca600000, 0x0000000100000000)
  region size 1024K, 24 young (24576K), 3 survivors (3072K)
 Metaspace       used 62192K, committed 62848K, reserved 1114112K
  class space    used 8388K, committed 8640K, reserved 1048576K
}
Event: 8.714 GC heap after
{Heap after GC invocations=16 (full 0):
 garbage-first heap   total 55296K, used 27418K [0x00000000ca600000, 0x0000000100000000)
  region size 1024K, 3 young (3072K), 3 survivors (3072K)
 Metaspace       used 62192K, committed 62848K, reserved 1114112K
  class space    used 8388K, committed 8640K, reserved 1048576K
}
Event: 9.294 GC heap before
{Heap before GC invocations=16 (full 0):
 garbage-first heap   total 55296K, used 46874K [0x00000000ca600000, 0x0000000100000000)
  region size 1024K, 22 young (22528K), 3 survivors (3072K)
 Metaspace       used 64866K, committed 65600K, reserved 1114112K
  class space    used 8749K, committed 9088K, reserved 1048576K
}
Event: 9.300 GC heap after
{Heap after GC invocations=17 (full 0):
 garbage-first heap   total 55296K, used 29210K [0x00000000ca600000, 0x0000000100000000)
  region size 1024K, 3 young (3072K), 3 survivors (3072K)
 Metaspace       used 64866K, committed 65600K, reserved 1114112K
  class space    used 8749K, committed 9088K, reserved 1048576K
}

Dll operation events (13 events):
Event: 0.027 Loaded shared library C:\Users\Sandeep\.jdks\openjdk-21.0.1\bin\java.dll
Event: 0.080 Loaded shared library C:\Users\Sandeep\.jdks\openjdk-21.0.1\bin\jsvml.dll
Event: 0.288 Loaded shared library C:\Users\Sandeep\.jdks\openjdk-21.0.1\bin\zip.dll
Event: 0.296 Loaded shared library C:\Users\Sandeep\.jdks\openjdk-21.0.1\bin\instrument.dll
Event: 0.306 Loaded shared library C:\Users\Sandeep\.jdks\openjdk-21.0.1\bin\net.dll
Event: 0.310 Loaded shared library C:\Users\Sandeep\.jdks\openjdk-21.0.1\bin\nio.dll
Event: 0.314 Loaded shared library C:\Users\Sandeep\.jdks\openjdk-21.0.1\bin\zip.dll
Event: 0.592 Loaded shared library C:\Users\Sandeep\.jdks\openjdk-21.0.1\bin\extnet.dll
Event: 0.714 Loaded shared library C:\Users\Sandeep\.jdks\openjdk-21.0.1\bin\jimage.dll
Event: 2.524 Loaded shared library C:\Users\Sandeep\.jdks\openjdk-21.0.1\bin\sunmscapi.dll
Event: 5.060 Loaded shared library C:\Users\Sandeep\.jdks\openjdk-21.0.1\bin\management.dll
Event: 5.064 Loaded shared library C:\Users\Sandeep\.jdks\openjdk-21.0.1\bin\management_ext.dll
Event: 5.956 Loaded shared library C:\Users\Sandeep\.jdks\openjdk-21.0.1\bin\verify.dll

Deoptimization events (20 events):
Event: 8.978 Thread 0x0000026a29f1d8f0 DEOPT PACKING pc=0x0000026a3bb12040 sp=0x000000b2572fda60
Event: 8.978 Thread 0x0000026a29f1d8f0 DEOPT UNPACKING pc=0x0000026a3b3f46a2 sp=0x000000b2572fd9f0 mode 2
Event: 9.142 Thread 0x0000026a29f1d8f0 DEOPT PACKING pc=0x0000026a33f3b17e sp=0x000000b2572fc3d0
Event: 9.142 Thread 0x0000026a29f1d8f0 DEOPT UNPACKING pc=0x0000026a3b3f4e42 sp=0x000000b2572fb8a8 mode 0
Event: 9.168 Thread 0x0000026a29f1d8f0 Uncommon trap: trap_request=0xfffffff4 fr.pc=0x0000026a3ba608cc relative=0x00000000000000ac
Event: 9.168 Thread 0x0000026a29f1d8f0 Uncommon trap: reason=null_check action=make_not_entrant pc=0x0000026a3ba608cc method=org.springframework.util.ClassUtils.isAssignable(Ljava/lang/Class;Ljava/lang/Class;)Z @ 14 c2
Event: 9.168 Thread 0x0000026a29f1d8f0 DEOPT PACKING pc=0x0000026a3ba608cc sp=0x000000b2572fe860
Event: 9.168 Thread 0x0000026a29f1d8f0 DEOPT UNPACKING pc=0x0000026a3b3f46a2 sp=0x000000b2572fe7f0 mode 2
Event: 9.273 Thread 0x0000026a29f1d8f0 Uncommon trap: trap_request=0xffffff45 fr.pc=0x0000026a3b99f88c relative=0x000000000000006c
Event: 9.273 Thread 0x0000026a29f1d8f0 Uncommon trap: reason=unstable_if action=reinterpret pc=0x0000026a3b99f88c method=org.springframework.util.ConcurrentReferenceHashMap$Segment.clear()V @ 7 c2
Event: 9.273 Thread 0x0000026a29f1d8f0 DEOPT PACKING pc=0x0000026a3b99f88c sp=0x000000b2572ff3a0
Event: 9.273 Thread 0x0000026a29f1d8f0 DEOPT UNPACKING pc=0x0000026a3b3f46a2 sp=0x000000b2572ff330 mode 2
Event: 9.317 Thread 0x0000026a29f1d8f0 Uncommon trap: trap_request=0xffffff45 fr.pc=0x0000026a3ba3decc relative=0x00000000000009ac
Event: 9.317 Thread 0x0000026a29f1d8f0 Uncommon trap: reason=unstable_if action=reinterpret pc=0x0000026a3ba3decc method=java.lang.Integer.stringSize(I)I @ 19 c2
Event: 9.317 Thread 0x0000026a29f1d8f0 DEOPT PACKING pc=0x0000026a3ba3decc sp=0x000000b2572fe570
Event: 9.317 Thread 0x0000026a29f1d8f0 DEOPT UNPACKING pc=0x0000026a3b3f46a2 sp=0x000000b2572fe4c8 mode 2
Event: 9.334 Thread 0x0000026a29f1d8f0 Uncommon trap: trap_request=0xffffff45 fr.pc=0x0000026a3bab5c30 relative=0x0000000000000110
Event: 9.334 Thread 0x0000026a29f1d8f0 Uncommon trap: reason=unstable_if action=reinterpret pc=0x0000026a3bab5c30 method=java.util.ArrayList.indexOfRange(Ljava/lang/Object;II)I @ 7 c2
Event: 9.334 Thread 0x0000026a29f1d8f0 DEOPT PACKING pc=0x0000026a3bab5c30 sp=0x000000b2572ff120
Event: 9.334 Thread 0x0000026a29f1d8f0 DEOPT UNPACKING pc=0x0000026a3b3f46a2 sp=0x000000b2572ff0a0 mode 2

Classes loaded (20 events):
Event: 91.873 Loading class sun/nio/ch/SocketOptionRegistry$LazyInitialization
Event: 91.875 Loading class sun/nio/ch/SocketOptionRegistry$LazyInitialization done
Event: 91.875 Loading class sun/nio/ch/OptionKey
Event: 91.877 Loading class sun/nio/ch/OptionKey done
Event: 91.890 Loading class sun/nio/ch/SelectionKeyImpl
Event: 91.901 Loading class java/nio/channels/spi/AbstractSelectionKey
Event: 91.904 Loading class java/nio/channels/SelectionKey
Event: 91.908 Loading class java/nio/channels/SelectionKey done
Event: 91.908 Loading class java/nio/channels/spi/AbstractSelectionKey done
Event: 91.908 Loading class sun/nio/ch/SelectionKeyImpl done
Event: 91.914 Loading class java/lang/invoke/ConstantBootstraps
Event: 91.920 Loading class java/lang/invoke/ConstantBootstraps done
Event: 92.658 Loading class sun/nio/cs/ThreadLocalCoders
Event: 92.660 Loading class sun/nio/cs/ThreadLocalCoders done
Event: 92.660 Loading class sun/nio/cs/ThreadLocalCoders$1
Event: 92.661 Loading class sun/nio/cs/ThreadLocalCoders$Cache
Event: 92.661 Loading class sun/nio/cs/ThreadLocalCoders$Cache done
Event: 92.661 Loading class sun/nio/cs/ThreadLocalCoders$1 done
Event: 92.662 Loading class sun/nio/cs/ThreadLocalCoders$2
Event: 92.662 Loading class sun/nio/cs/ThreadLocalCoders$2 done

Classes unloaded (0 events):
No events

Classes redefined (0 events):
No events

Internal exceptions (20 events):
Event: 8.693 Thread 0x0000026a29f1d8f0 Exception <a 'java/lang/NoSuchMethodError'{0x00000000cc4aba48}: 'java.lang.Object java.lang.invoke.DirectMethodHandle$Holder.invokeStatic(java.lang.Object, int, java.lang.Object, java.lang.Object)'> (0x00000000cc4aba48) 
thrown [s\open\src\hotspot\share\interpreter\linkResolver.cpp, line 773]
Event: 8.693 Thread 0x0000026a29f1d8f0 Exception <a 'java/lang/NoSuchMethodError'{0x00000000cc4afb40}: 'java.lang.Object java.lang.invoke.DirectMethodHandle$Holder.invokeSpecial(java.lang.Object, java.lang.Object, int, java.lang.Object, java.lang.Object)'> (0x00000000cc4afb40) 
thrown [s\open\src\hotspot\share\interpreter\linkResolver.cpp, line 773]
Event: 8.693 Thread 0x0000026a29f1d8f0 Exception <a 'java/lang/NoSuchMethodError'{0x00000000cc4b3570}: 'java.lang.Object java.lang.invoke.DelegatingMethodHandle$Holder.delegate(java.lang.Object, int, java.lang.Object, java.lang.Object)'> (0x00000000cc4b3570) 
thrown [s\open\src\hotspot\share\interpreter\linkResolver.cpp, line 773]
Event: 8.696 Thread 0x0000026a29f1d8f0 Exception <a 'java/lang/NoSuchMethodError'{0x00000000cc4c5d20}: 'int java.lang.invoke.Invokers$Holder.linkToTargetMethod(java.lang.Object, java.lang.Object, java.lang.Object)'> (0x00000000cc4c5d20) 
thrown [s\open\src\hotspot\share\interpreter\linkResolver.cpp, line 773]
Event: 8.789 Thread 0x0000026a29f1d8f0 Exception <a 'java/lang/NoSuchMethodError'{0x00000000cd9aebf8}: 'void java.lang.invoke.Invokers$Holder.invokeExact_MT(java.lang.Object, java.lang.Object, java.lang.Object, java.lang.Object)'> (0x00000000cd9aebf8) 
thrown [s\open\src\hotspot\share\interpreter\linkResolver.cpp, line 773]
Event: 8.833 Thread 0x0000026a29f1d8f0 Exception <a 'java/lang/IncompatibleClassChangeError'{0x00000000cd7849e0}: Found class java.lang.Object, but interface was expected> (0x00000000cd7849e0) 
thrown [s\open\src\hotspot\share\interpreter\linkResolver.cpp, line 840]
Event: 8.904 Thread 0x0000026a29f1d8f0 Exception <a 'java/lang/NoSuchMethodError'{0x00000000cd562668}: 'void java.lang.invoke.DirectMethodHandle$Holder.invokeVirtual(java.lang.Object, java.lang.Object, long)'> (0x00000000cd562668) 
thrown [s\open\src\hotspot\share\interpreter\linkResolver.cpp, line 773]
Event: 8.972 Thread 0x0000026a29f1d8f0 Exception <a 'java/lang/NoSuchMethodError'{0x00000000cd3eace8}: 'int java.lang.invoke.DirectMethodHandle$Holder.invokeStaticInit(java.lang.Object, java.lang.Object, java.lang.Object, java.lang.Object)'> (0x00000000cd3eace8) 
thrown [s\open\src\hotspot\share\interpreter\linkResolver.cpp, line 773]
Event: 9.009 Thread 0x0000026a29f1d8f0 Exception <a 'java/lang/NoSuchMethodError'{0x00000000cd155e98}: 'java.lang.Object java.lang.invoke.Invokers$Holder.invoke_MT(java.lang.Object, java.lang.Object, java.lang.Object, java.lang.Object, java.lang.Object, java.lang.Object, java.lang.Object, java.lang.Object, java.lang.Object)'> (0x00000000cd155e98) 
thrown [s\open\src\hotspot\share\interpreter\linkResolver.cpp, line 773]
Event: 9.036 Thread 0x0000026a29f1d8f0 Exception <a 'java/lang/NoSuchMethodError'{0x00000000cd019930}: 'java.lang.Object java.lang.invoke.DirectMethodHandle$Holder.invokeVirtual(java.lang.Object, java.lang.Object, java.lang.Object, java.lang.Object, java.lang.Object, java.lang.Object, java.lang.Object, java.lang.Object, java.lang.Object)'> (0x00000000cd019930) 
thrown [s\open\src\hotspot\share\interpreter\linkResolver.cpp, line 773]
Event: 9.080 Thread 0x0000026a29f1d8f0 Exception <a 'java/lang/NoSuchMethodError'{0x00000000ccf3f6d8}: 'java.lang.Object java.lang.invoke.DirectMethodHandle$Holder.invokeVirtual(java.lang.Object, java.lang.Object, java.lang.Object, java.lang.Object, java.lang.Object, java.lang.Object, java.lang.Object)'> (0x00000000ccf3f6d8) 
thrown [s\open\src\hotspot\share\interpreter\linkResolver.cpp, line 773]
Event: 9.106 Thread 0x0000026a29f1d8f0 Exception <a 'java/lang/NoSuchMethodError'{0x00000000ccff0640}: 'java.lang.Object java.lang.invoke.DirectMethodHandle$Holder.invokeVirtual(java.lang.Object, java.lang.Object, java.lang.Object, java.lang.Object, java.lang.Object, java.lang.Object, java.lang.Object, java.lang.Object, java.lang.Object, java.lang.Object)'> (0x00000000ccff0640) 
thrown [s\open\src\hotspot\share\interpreter\linkResolver.cpp, line 773]
Event: 9.151 Thread 0x0000026a29f1d8f0 Exception <a 'java/lang/IncompatibleClassChangeError'{0x00000000ccd65a20}: Found class java.lang.Object, but interface was expected> (0x00000000ccd65a20) 
thrown [s\open\src\hotspot\share\interpreter\linkResolver.cpp, line 840]
Event: 9.168 Thread 0x0000026a29f1d8f0 Implicit null exception at 0x0000026a3ba60842 to 0x0000026a3ba608b8
Event: 9.203 Thread 0x0000026a29f1d8f0 Exception <a 'java/lang/NoSuchMethodError'{0x00000000cccca1f8}: 'java.lang.Object java.lang.invoke.Invokers$Holder.invoke_MT(java.lang.Object, java.lang.Object, java.lang.Object, java.lang.Object, java.lang.Object, java.lang.Object, java.lang.Object, java.lang.Object, java.lang.Object, java.lang.Object, java.lang.Object)'> (0x00000000cccca1f8) 
thrown [s\open\src\hotspot\share\interpreter\linkResolver.cpp, line 773]
Event: 9.276 Thread 0x0000026a29f1d8f0 Exception <a 'java/lang/NoSuchMethodError'{0x00000000cc96e920}: 'java.lang.Object java.lang.invoke.DirectMethodHandle$Holder.newInvokeSpecial(java.lang.Object, java.lang.Object, int, java.lang.Object, java.lang.Object)'> (0x00000000cc96e920) 
thrown [s\open\src\hotspot\share\interpreter\linkResolver.cpp, line 773]
Event: 91.666 Thread 0x0000026a9000ff60 Exception <a 'java/lang/NoSuchMethodError'{0x00000000cdac73b8}: 'java.lang.Object java.lang.invoke.DirectMethodHandle$Holder.invokeStatic(java.lang.Object, java.lang.Object, java.lang.Object, int, int)'> (0x00000000cdac73b8) 
thrown [s\open\src\hotspot\share\interpreter\linkResolver.cpp, line 773]
Event: 91.692 Thread 0x0000026a9000ff60 Exception <a 'java/lang/NoSuchMethodError'{0x00000000cdacab58}: 'java.lang.Object java.lang.invoke.DirectMethodHandle$Holder.invokeStaticInit(java.lang.Object, java.lang.Object, java.lang.Object, int, int)'> (0x00000000cdacab58) 
thrown [s\open\src\hotspot\share\interpreter\linkResolver.cpp, line 773]
Event: 92.585 Thread 0x0000026a8de318d0 Exception <a 'java/lang/NoSuchMethodError'{0x00000000cd842b30}: 'java.lang.Object java.lang.invoke.DirectMethodHandle$Holder.invokeSpecial(java.lang.Object, java.lang.Object, java.lang.Object, java.lang.Object, java.lang.Object, long)'> (0x00000000cd842b30) 
thrown [s\open\src\hotspot\share\interpreter\linkResolver.cpp, line 773]
Event: 92.589 Thread 0x0000026a8de318d0 Exception <a 'java/lang/NoSuchMethodError'{0x00000000cd8462f0}: 'java.lang.Object java.lang.invoke.Invokers$Holder.linkToTargetMethod(java.lang.Object, java.lang.Object, java.lang.Object, long, java.lang.Object)'> (0x00000000cd8462f0) 
thrown [s\open\src\hotspot\share\interpreter\linkResolver.cpp, line 773]

ZGC Phase Switch (0 events):
No events

VM Operations (20 events):
Event: 8.855 Executing VM operation: HandshakeAllThreads (Deoptimize) done
Event: 8.939 Executing VM operation: HandshakeAllThreads (Deoptimize)
Event: 8.939 Executing VM operation: HandshakeAllThreads (Deoptimize) done
Event: 9.294 Executing VM operation: G1CollectForAllocation (G1 Evacuation Pause)
Event: 9.300 Executing VM operation: G1CollectForAllocation (G1 Evacuation Pause) done
Event: 10.315 Executing VM operation: Cleanup
Event: 10.316 Executing VM operation: Cleanup done
Event: 60.189 Executing VM operation: HandshakeAllThreads (HandshakeForDeflation)
Event: 60.196 Executing VM operation: HandshakeAllThreads (HandshakeForDeflation) done
Event: 60.196 Executing VM operation: RendezvousGCThreads
Event: 60.196 Executing VM operation: RendezvousGCThreads done
Event: 86.476 Executing VM operation: Cleanup
Event: 86.481 Executing VM operation: Cleanup done
Event: 92.901 Executing VM operation: HandshakeAllThreads (Deoptimize)
Event: 92.918 Executing VM operation: HandshakeAllThreads (Deoptimize) done
Event: 92.919 Executing VM operation: Cleanup
Event: 92.937 Executing VM operation: Cleanup done
Event: 93.945 Executing VM operation: Cleanup
Event: 94.515 Executing VM operation: Cleanup done
Event: 95.523 Executing VM operation: Cleanup

Events (20 events):
Event: 8.196 Thread 0x0000026a4739c690 flushing nmethod 0x0000026a3ba38090
Event: 8.196 Thread 0x0000026a4739c690 flushing nmethod 0x0000026a3b9f4c10
Event: 8.196 Thread 0x0000026a4739c690 flushing nmethod 0x0000026a3b9c5890
Event: 8.196 Thread 0x0000026a4739c690 flushing nmethod 0x0000026a3b99f090
Event: 8.196 Thread 0x0000026a4739c690 flushing nmethod 0x0000026a3b940a10
Event: 9.293 Thread 0x0000026a8de318d0 Thread added: 0x0000026a8de318d0
Event: 9.293 Thread 0x0000026a8de2eae0 Thread added: 0x0000026a8de2eae0
Event: 9.294 Thread 0x0000026a9000e520 Thread added: 0x0000026a9000e520
Event: 9.294 Thread 0x0000026a9000d170 Thread added: 0x0000026a9000d170
Event: 9.294 Thread 0x0000026a9000cae0 Thread added: 0x0000026a9000cae0
Event: 9.300 Thread 0x0000026a900105f0 Thread added: 0x0000026a900105f0
Event: 9.301 Thread 0x0000026a9000de90 Thread added: 0x0000026a9000de90
Event: 9.301 Thread 0x0000026a9000ebb0 Thread added: 0x0000026a9000ebb0
Event: 9.301 Thread 0x0000026a9000f240 Thread added: 0x0000026a9000f240
Event: 9.301 Thread 0x0000026a9000f8d0 Thread added: 0x0000026a9000f8d0
Event: 9.326 Thread 0x0000026a90010c80 Thread added: 0x0000026a90010c80
Event: 9.329 Thread 0x0000026a9000ff60 Thread added: 0x0000026a9000ff60
Event: 9.351 Thread 0x0000026a29f1d8f0 Thread exited: 0x0000026a29f1d8f0
Event: 9.351 Thread 0x0000026a9000d800 Thread added: 0x0000026a9000d800
Event: 11.985 Thread 0x0000026a8de30bb0 Thread exited: 0x0000026a8de30bb0


Dynamic libraries:
0x00007ff65a3f0000 - 0x00007ff65a3fe000 	C:\Users\Sandeep\.jdks\openjdk-21.0.1\bin\java.exe
0x00007ffad3c00000 - 0x00007ffad3e66000 	C:\WINDOWS\SYSTEM32\ntdll.dll
0x00007ffa9b930000 - 0x00007ffa9b94b000 	C:\Program Files\Avast Software\Avast\aswhook.dll
0x00007ffad19c0000 - 0x00007ffad1a89000 	C:\WINDOWS\System32\KERNEL32.DLL
0x00007ffad0dc0000 - 0x00007ffad118c000 	C:\WINDOWS\System32\KERNELBASE.dll
0x00007ffad1190000 - 0x00007ffad12db000 	C:\WINDOWS\System32\ucrtbase.dll
0x00007ffacad30000 - 0x00007ffacad48000 	C:\Users\Sandeep\.jdks\openjdk-21.0.1\bin\jli.dll
0x00007ffad2400000 - 0x00007ffad25ca000 	C:\WINDOWS\System32\USER32.dll
0x00007ffac9e40000 - 0x00007ffac9e5b000 	C:\Users\Sandeep\.jdks\openjdk-21.0.1\bin\VCRUNTIME140.dll
0x00007ffad0d90000 - 0x00007ffad0db7000 	C:\WINDOWS\System32\win32u.dll
0x00007ffad1a90000 - 0x00007ffad1abb000 	C:\WINDOWS\System32\GDI32.dll
0x00007ffad1370000 - 0x00007ffad14a2000 	C:\WINDOWS\System32\gdi32full.dll
0x00007ffad1570000 - 0x00007ffad1613000 	C:\WINDOWS\System32\msvcp_win.dll
0x00007ffab2710000 - 0x00007ffab29aa000 	C:\WINDOWS\WinSxS\amd64_microsoft.windows.common-controls_6595b64144ccf1df_6.0.26100.3912_none_3e07963ce335137e\COMCTL32.dll
0x00007ffad3980000 - 0x00007ffad3a29000 	C:\WINDOWS\System32\msvcrt.dll
0x00007ffad3450000 - 0x00007ffad3480000 	C:\WINDOWS\System32\IMM32.DLL
0x00007ffac9e30000 - 0x00007ffac9e3c000 	C:\Users\Sandeep\.jdks\openjdk-21.0.1\bin\vcruntime140_1.dll
0x00007ffab5d10000 - 0x00007ffab5d9e000 	C:\Users\Sandeep\.jdks\openjdk-21.0.1\bin\msvcp140.dll
0x00007ffa39a10000 - 0x00007ffa3a725000 	C:\Users\Sandeep\.jdks\openjdk-21.0.1\bin\server\jvm.dll
0x00007ffad3640000 - 0x00007ffad36f2000 	C:\WINDOWS\System32\ADVAPI32.dll
0x00007ffad3700000 - 0x00007ffad37a6000 	C:\WINDOWS\System32\sechost.dll
0x00007ffad37b0000 - 0x00007ffad38c6000 	C:\WINDOWS\System32\RPCRT4.dll
0x00007ffad30f0000 - 0x00007ffad3164000 	C:\WINDOWS\System32\WS2_32.dll
0x00007ffad0be0000 - 0x00007ffad0c3e000 	C:\WINDOWS\SYSTEM32\POWRPROF.dll
0x00007ffabf7d0000 - 0x00007ffabf806000 	C:\WINDOWS\SYSTEM32\WINMM.dll
0x00007ffaca400000 - 0x00007ffaca40b000 	C:\WINDOWS\SYSTEM32\VERSION.dll
0x00007ffad0bc0000 - 0x00007ffad0bd4000 	C:\WINDOWS\SYSTEM32\UMPDC.dll
0x00007ffacfb50000 - 0x00007ffacfb6a000 	C:\WINDOWS\SYSTEM32\kernel.appcore.dll
0x00007ffac9e20000 - 0x00007ffac9e2a000 	C:\Users\Sandeep\.jdks\openjdk-21.0.1\bin\jimage.dll
0x00007ffac8be0000 - 0x00007ffac8e21000 	C:\WINDOWS\SYSTEM32\DBGHELP.DLL
0x00007ffad1f70000 - 0x00007ffad22f4000 	C:\WINDOWS\System32\combase.dll
0x00007ffad3000000 - 0x00007ffad30e0000 	C:\WINDOWS\System32\OLEAUT32.dll
0x00007ffac6c20000 - 0x00007ffac6c59000 	C:\WINDOWS\SYSTEM32\dbgcore.DLL
0x00007ffad1920000 - 0x00007ffad19b9000 	C:\WINDOWS\System32\bcryptPrimitives.dll
0x00007ffac9db0000 - 0x00007ffac9dbf000 	C:\Users\Sandeep\.jdks\openjdk-21.0.1\bin\instrument.dll
0x00007ffac0060000 - 0x00007ffac007f000 	C:\Users\Sandeep\.jdks\openjdk-21.0.1\bin\java.dll
0x00007ffad25d0000 - 0x00007ffad2cfd000 	C:\WINDOWS\System32\SHELL32.dll
0x00007ffad17a0000 - 0x00007ffad1914000 	C:\WINDOWS\System32\wintypes.dll
0x00007ffacea00000 - 0x00007ffacf256000 	C:\WINDOWS\SYSTEM32\windows.storage.dll
0x00007ffad3a40000 - 0x00007ffad3b2f000 	C:\WINDOWS\System32\SHCORE.dll
0x00007ffad31a0000 - 0x00007ffad3209000 	C:\WINDOWS\System32\shlwapi.dll
0x00007ffad0ca0000 - 0x00007ffad0ccf000 	C:\WINDOWS\SYSTEM32\profapi.dll
0x00007ffab0d10000 - 0x00007ffab0de7000 	C:\Users\Sandeep\.jdks\openjdk-21.0.1\bin\jsvml.dll
0x00007ffabf4d0000 - 0x00007ffabf4e8000 	C:\Users\Sandeep\.jdks\openjdk-21.0.1\bin\zip.dll
0x00007ffac9da0000 - 0x00007ffac9db0000 	C:\Users\Sandeep\.jdks\openjdk-21.0.1\bin\net.dll
0x00007ffaca990000 - 0x00007ffacaaae000 	C:\WINDOWS\SYSTEM32\WINHTTP.dll
0x00007ffad00c0000 - 0x00007ffad012a000 	C:\WINDOWS\system32\mswsock.dll
0x00007ffac0040000 - 0x00007ffac0056000 	C:\Users\Sandeep\.jdks\openjdk-21.0.1\bin\nio.dll
0x00007ffac6930000 - 0x00007ffac6937000 	C:\Users\Sandeep\.jdks\openjdk-21.0.1\bin\extnet.dll
0x00007ffac7ba0000 - 0x00007ffac7bae000 	C:\Users\Sandeep\.jdks\openjdk-21.0.1\bin\sunmscapi.dll
0x00007ffad1620000 - 0x00007ffad1797000 	C:\WINDOWS\System32\CRYPT32.dll
0x00007ffad0570000 - 0x00007ffad05a0000 	C:\WINDOWS\SYSTEM32\ncrypt.dll
0x00007ffad0520000 - 0x00007ffad055f000 	C:\WINDOWS\SYSTEM32\NTASN1.dll
0x00007ffad0370000 - 0x00007ffad038c000 	C:\WINDOWS\SYSTEM32\CRYPTSP.dll
0x00007ffacfab0000 - 0x00007ffacfaea000 	C:\WINDOWS\system32\rsaenh.dll
0x00007ffad0160000 - 0x00007ffad018b000 	C:\WINDOWS\SYSTEM32\USERENV.dll
0x00007ffad0c70000 - 0x00007ffad0c96000 	C:\WINDOWS\SYSTEM32\bcrypt.dll
0x00007ffad0360000 - 0x00007ffad036c000 	C:\WINDOWS\SYSTEM32\CRYPTBASE.dll
0x00007ffacf550000 - 0x00007ffacf583000 	C:\WINDOWS\SYSTEM32\IPHLPAPI.DLL
0x00007ffad2f00000 - 0x00007ffad2f0a000 	C:\WINDOWS\System32\NSI.dll
0x00007ffac6910000 - 0x00007ffac691a000 	C:\Users\Sandeep\.jdks\openjdk-21.0.1\bin\management.dll
0x00007ffabf4c0000 - 0x00007ffabf4cb000 	C:\Users\Sandeep\.jdks\openjdk-21.0.1\bin\management_ext.dll
0x00007ffad3a30000 - 0x00007ffad3a38000 	C:\WINDOWS\System32\PSAPI.DLL
0x00007ffabf4b0000 - 0x00007ffabf4c0000 	C:\Users\Sandeep\.jdks\openjdk-21.0.1\bin\verify.dll
0x00007ffa69710000 - 0x00007ffa69718000 	C:\WINDOWS\system32\wshunix.dll

dbghelp: loaded successfully - version: 4.0.5 - missing functions: none
symbol engine: initialized successfully - sym options: 0x614 - pdb path: .;C:\Users\Sandeep\.jdks\openjdk-21.0.1\bin;C:\WINDOWS\SYSTEM32;C:\Program Files\Avast Software\Avast;C:\WINDOWS\WinSxS\amd64_microsoft.windows.common-controls_6595b64144ccf1df_6.0.26100.3912_none_3e07963ce335137e;C:\Users\Sandeep\.jdks\openjdk-21.0.1\bin\server

VM Arguments:
jvm_args: -javaagent:C:\Program Files\JetBrains\IntelliJ IDEA Community Edition 2025.1.1.1\lib\idea_rt.jar=54768 -Dfile.encoding=UTF-8 -Dsun.stdout.encoding=UTF-8 -Dsun.stderr.encoding=UTF-8 
java_command: com.example.Hostel.HostelApplication
java_class_path (initial): C:\Users\Sandeep\Desktop\project\Hostel\Hostel\target\classes;C:\Users\Sandeep\.m2\repository\org\springframework\boot\spring-boot-starter-data-jpa\3.4.5\spring-boot-starter-data-jpa-3.4.5.jar;C:\Users\Sandeep\.m2\repository\org\springframework\boot\spring-boot-starter\3.4.5\spring-boot-starter-3.4.5.jar;C:\Users\Sandeep\.m2\repository\org\springframework\boot\spring-boot\3.4.5\spring-boot-3.4.5.jar;C:\Users\Sandeep\.m2\repository\org\springframework\boot\spring-boot-autoconfigure\3.4.5\spring-boot-autoconfigure-3.4.5.jar;C:\Users\Sandeep\.m2\repository\org\springframework\boot\spring-boot-starter-logging\3.4.5\spring-boot-starter-logging-3.4.5.jar;C:\Users\Sandeep\.m2\repository\ch\qos\logback\logback-classic\1.5.18\logback-classic-1.5.18.jar;C:\Users\Sandeep\.m2\repository\ch\qos\logback\logback-core\1.5.18\logback-core-1.5.18.jar;C:\Users\Sandeep\.m2\repository\org\apache\logging\log4j\log4j-to-slf4j\2.24.3\log4j-to-slf4j-2.24.3.jar;C:\Users\Sandeep\.m2\repository\org\apache\logging\log4j\log4j-api\2.24.3\log4j-api-2.24.3.jar;C:\Users\Sandeep\.m2\repository\org\slf4j\jul-to-slf4j\2.0.17\jul-to-slf4j-2.0.17.jar;C:\Users\Sandeep\.m2\repository\jakarta\annotation\jakarta.annotation-api\2.1.1\jakarta.annotation-api-2.1.1.jar;C:\Users\Sandeep\.m2\repository\org\yaml\snakeyaml\2.3\snakeyaml-2.3.jar;C:\Users\Sandeep\.m2\repository\org\springframework\boot\spring-boot-starter-jdbc\3.4.5\spring-boot-starter-jdbc-3.4.5.jar;C:\Users\Sandeep\.m2\repository\com\zaxxer\HikariCP\5.1.0\HikariCP-5.1.0.jar;C:\Users\Sandeep\.m2\repository\org\springframework\spring-jdbc\6.2.6\spring-jdbc-6.2.6.jar;C:\Users\Sandeep\.m2\repository\org\hibernate\orm\hibernate-core\6.6.13.Final\hibernate-core-6.6.13.Final.jar;C:\Users\Sandeep\.m2\repository\jakarta\persistence\jakarta.persistence-api\3.1.0\jakarta.persistence-api-3.1.0.jar;C:\Users\Sandeep\.m2\repository\jakarta\transaction\jakarta.transaction-api\2.0.1\jakarta.transaction-api-2.0.1.jar;C:\Users\Sandeep\.m2\repository\org\jboss\logging\jboss-logging\3.6.1.Final\jboss-logging-3.6.1.Final.jar;C:\Users\Sandeep\.m2\repository\org\hibernate\common\hibernate-commons-annotations\7.0.3.Final\hibernate-commons-annotations-7.0.3.Final.jar;C:\Users\Sandeep\.m2\repository\io\smallrye\jandex\3.2.0\jandex-3.2.0.jar;C:\Users\Sandeep\.m2\repository\com\fasterxml\classmate\1.7.0\classmate-1.7.0.jar;C:\Users\Sandeep\.m2\repository\net\bytebuddy\byte-buddy\1.15.11\byte-buddy-1.15.11.jar;C:\Users\Sandeep\.m2\repository\org\glassfish\jaxb\jaxb-runtime\4.0.5\jaxb-runtime-4.0.5.jar;C:\Users\Sandeep\.m2\repository\org\glassfish\jaxb\jaxb-core\4.0.5\jaxb-core-4.0.5.jar;C:\Users\Sandeep\.m2\repository\org\eclipse\angus\angus-activation\2.0.2\angus-activation-2.0.2.jar;C:\Users\Sandeep\.m2\repository\org\glassfish\jaxb\txw2\4.0.5\txw2-4.0.5.jar;C:\Users\Sandeep\.m2\repository\com\sun\istack\istack-commons-runtime\4.1.2\istack-commons-runtime-4.1.2.jar;C:\Users\Sandeep\.m2\repository\jakarta\inject\jakarta.inject-api\2.0.1\jakarta.inject-api-2.0.1.jar;C:\Users\Sandeep\.m2\repository\org\antlr\antlr4-runtime\4.13.0\antlr4-runtime-4.13.0.jar;C:\Users\Sandeep\.m2\repository\org\springframework\data\spring-data-jpa\3.4.5\spring-data-jpa-3.4.5.jar;C:\Users\Sandeep\.m2\repository\org\springframework\data\spring-data-commons\3.4.5\spring-data-commons-3.4.5.jar;C:\Users\Sandeep\.m2\repository\org\springframework\spring-orm\6.2.6\spring-orm-6.2.6.jar;C:\Users\Sandeep\.m2\repository\org\springframework\spring-context\6.2.6\spring-context-6.2.6.jar;C:\Users\Sandeep\.m2\repository\org\springframework\spring-aop\6.2.6\spring-aop-6.2.6.jar;C:\Users\Sandeep\.m2\repository\org\springframework\spring-tx\6.2.6\spring-tx-6.2.6.jar;C:\Users\Sandeep\.m2\repository\org\springframework\spring-beans\6.2.6\spring-beans-6.2.6.jar;C:\Users\Sandeep\.m2\repository\org\slf4j\slf4j-api\2.0.17\slf4j-api-2.0.17.jar;C:\Users\Sandeep\.m2\repository\org\springframework\spring-aspects\6.2.6\spring-aspects-6.2.6.jar;C:\Users\Sandeep\.m2\repository\org\aspectj\aspectjweaver\1.9.24\aspectjweaver-1.9.24.jar;C:\Users\Sandeep\.m2\repository\org\springframework\boot\spring-boot-starter-web\3.4.5\spring-boot-starter-web-3.4.5.jar;C:\Users\Sandeep\.m2\repository\org\springframework\boot\spring-boot-starter-json\3.4.5\spring-boot-starter-json-3.4.5.jar;C:\Users\Sandeep\.m2\repository\com\fasterxml\jackson\core\jackson-databind\2.18.3\jackson-databind-2.18.3.jar;C:\Users\Sandeep\.m2\repository\com\fasterxml\jackson\core\jackson-annotations\2.18.3\jackson-annotations-2.18.3.jar;C:\Users\Sandeep\.m2\repository\com\fasterxml\jackson\core\jackson-core\2.18.3\jackson-core-2.18.3.jar;C:\Users\Sandeep\.m2\repository\com\fasterxml\jackson\datatype\jackson-datatype-jdk8\2.18.3\jackson-datatype-jdk8-2.18.3.jar;C:\Users\Sandeep\.m2\repository\com\fasterxml\jackson\datatype\jackson-datatype-jsr310\2.18.3\jackson-datatype-jsr310-2.18.3.jar;C:\Users\Sandeep\.m2\repository\com\fasterxml\jackson\module\jackson-module-parameter-names\2.18.3\jackson-module-parameter-names-2.18.3.jar;C:\Users\Sandeep\.m2\repository\org\springframework\boot\spring-boot-starter-tomcat\3.4.5\spring-boot-starter-tomcat-3.4.5.jar;C:\Users\Sandeep\.m2\repository\org\apache\tomcat\embed\tomcat-embed-core\10.1.40\tomcat-embed-core-10.1.40.jar;C:\Users\Sandeep\.m2\repository\org\apache\tomcat\embed\tomcat-embed-el\10.1.40\tomcat-embed-el-10.1.40.jar;C:\Users\Sandeep\.m2\repository\org\apache\tomcat\embed\tomcat-embed-websocket\10.1.40\tomcat-embed-websocket-10.1.40.jar;C:\Users\Sandeep\.m2\repository\org\springframework\spring-web\6.2.6\spring-web-6.2.6.jar;C:\Users\Sandeep\.m2\repository\io\micrometer\micrometer-observation\1.14.6\micrometer-observation-1.14.6.jar;C:\Users\Sandeep\.m2\repository\io\micrometer\micrometer-commons\1.14.6\micrometer-commons-1.14.6.jar;C:\Users\Sandeep\.m2\repository\org\springframework\spring-webmvc\6.2.6\spring-webmvc-6.2.6.jar;C:\Users\Sandeep\.m2\repository\org\springframework\spring-expression\6.2.6\spring-expression-6.2.6.jar;C:\Users\Sandeep\.m2\repository\com\h2database\h2\2.3.232\h2-2.3.232.jar;C:\Users\Sandeep\.m2\repository\jakarta\xml\bind\jakarta.xml.bind-api\4.0.2\jakarta.xml.bind-api-4.0.2.jar;C:\Users\Sandeep\.m2\repository\jakarta\activation\jakarta.activation-api\2.1.3\jakarta.activation-api-2.1.3.jar;C:\Users\Sandeep\.m2\repository\org\springframework\spring-core\6.2.6\spring-core-6.2.6.jar;C:\Users\Sandeep\.m2\repository\org\springframework\spring-jcl\6.2.6\spring-jcl-6.2.6.jar;C:\Users\Sandeep\.m2\repository\org\springdoc\springdoc-openapi-starter-webmvc-ui\2.8.5\springdoc-openapi-starter-webmvc-ui-2.8.5.jar;C:\Users\Sandeep\.m2\repository\org\springdoc\springdoc-openapi-starter-webmvc-api\2.8.5\springdoc-openapi-starter-webmvc-api-2.8.5.jar;C:\Users\Sandeep\.m2\repository\org\springdoc\springdoc-openapi-starter-common\2.8.5\springdoc-openapi-starter-common-2.8.5.jar;C:\Users\Sandeep\.m2\repository\io\swagger\core\v3\swagger-core-jakarta\2.2.28\swagger-core-jakarta-2.2.28.jar;C:\Users\Sandeep\.m2\repository\org\apache\commons\commons-lang3\3.17.0\commons-lang3-3.17.0.jar;C:\Users\Sandeep\.m2\repository\io\swagger\core\v3\swagger-annotations-jakarta\2.2.28\swagger-annotations-jakarta-2.2.28.jar;C:\Users\Sandeep\.m2\repository\io\swagger\core\v3\swagger-models-jakarta\2.2.28\swagger-models-jakarta-2.2.28.jar;C:\Users\Sandeep\.m2\repository\jakarta\validation\jakarta.validation-api\3.0.2\jakarta.validation-api-3.0.2.jar;C:\Users\Sandeep\.m2\repository\com\fasterxml\jackson\dataformat\jackson-dataformat-yaml\2.18.3\jackson-dataformat-yaml-2.18.3.jar;C:\Users\Sandeep\.m2\repository\org\webjars\swagger-ui\5.18.3\swagger-ui-5.18.3.jar;C:\Users\Sandeep\.m2\repository\org\webjars\webjars-locator-lite\1.0.1\webjars-locator-lite-1.0.1.jar;C:\Users\Sandeep\.m2\repository\org\jspecify\jspecify\1.0.0\jspecify-1.0.0.jar
Launcher Type: SUN_STANDARD

[Global flags]
     intx CICompilerCount                          = 4                                         {product} {ergonomic}
     uint ConcGCThreads                            = 2                                         {product} {ergonomic}
     uint G1ConcRefinementThreads                  = 8                                         {product} {ergonomic}
   size_t G1HeapRegionSize                         = 1048576                                   {product} {ergonomic}
    uintx GCDrainStackTargetSize                   = 64                                        {product} {ergonomic}
   size_t InitialHeapSize                          = 56623104                                  {product} {ergonomic}
   size_t MarkStackSize                            = 4194304                                   {product} {ergonomic}
   size_t MaxHeapSize                              = 899678208                                 {product} {ergonomic}
   size_t MaxNewSize                               = 538968064                                 {product} {ergonomic}
   size_t MinHeapDeltaBytes                        = 1048576                                   {product} {ergonomic}
   size_t MinHeapSize                              = 8388608                                   {product} {ergonomic}
    uintx NonNMethodCodeHeapSize                   = 5839372                                {pd product} {ergonomic}
    uintx NonProfiledCodeHeapSize                  = 122909434                              {pd product} {ergonomic}
    uintx ProfiledCodeHeapSize                     = 122909434                              {pd product} {ergonomic}
    uintx ReservedCodeCacheSize                    = 251658240                              {pd product} {ergonomic}
     bool SegmentedCodeCache                       = true                                      {product} {ergonomic}
   size_t SoftMaxHeapSize                          = 899678208                              {manageable} {ergonomic}
     bool UseCompressedOops                        = true                           {product lp64_product} {ergonomic}
     bool UseG1GC                                  = true                                      {product} {ergonomic}
     bool UseLargePagesIndividualAllocation        = false                                  {pd product} {ergonomic}

Logging:
Log output configuration:
 #0: stdout all=warning uptime,level,tags foldmultilines=false
 #1: stderr all=off uptime,level,tags foldmultilines=false

Environment Variables:
JAVA_HOME=C:\Program Files\Java\jdk-17
PATH=C:\Program Files (x86)\VMware\VMware Workstation\bin\;C:\Program Files\Common Files\Oracle\Java\javapath;C:\Program Files (x86)\Common Files\Oracle\Java\javapath;C:\app\gloit\product\21c\dbhomeXE\bin;C:\WINDOWS\system32;C:\WINDOWS;C:\WINDOWS\System32\Wbem;C:\WINDOWS\System32\WindowsPowerShell\v1.0\;C:\WINDOWS\System32\OpenSSH\;C:\Program Files\PuTTY\;C:\Program Files\Java\jdk-17\bin;C:\Program Files\apache-maven-3.9.3\bin;C:\ProgramData\chocolatey\bin;C:\Program Files\Microsoft VS Code\bin;C:\Program Files\Git\cmd;C:\Program Files\nodejs\;C:\Users\Sandeep\AppData\Local\Microsoft\WindowsApps;C:\Program Files\JetBrains\IntelliJ IDEA Community Edition 2024.3\bin;;C:\Users\Sandeep\AppData\Local\Programs\cursor\resources\app\bin;C:\Users\Sandeep\AppData\Roaming\npm
USERNAME=Sandeep
OS=Windows_NT
PROCESSOR_IDENTIFIER=AMD64 Family 23 Model 104 Stepping 1, AuthenticAMD
TMP=C:\Users\Sandeep\AppData\Local\Temp
TEMP=C:\Users\Sandeep\AppData\Local\Temp




Periodic native trim disabled

---------------  S Y S T E M  ---------------

OS:
 Windows 11 , 64 bit Build 26100 (10.0.26100.3912)
OS uptime: 2 days 3:40 hours

CPU: total 8 (initial active 8) (8 cores per cpu, 2 threads per core) family 23 model 104 stepping 1 microcode 0x8608103, cx8, cmov, fxsr, ht, mmx, 3dnowpref, sse, sse2, sse3, ssse3, sse4a, sse4.1, sse4.2, popcnt, lzcnt, tsc, tscinvbit, avx, avx2, aes, clmul, bmi1, bmi2, adx, sha, fma, vzeroupper, clflush, clflushopt, rdtscp, rdpid, f16c
Processor Information for processor 0
  Max Mhz: 2600, Current Mhz: 2080, Mhz Limit: 2600
Processor Information for processor 1
  Max Mhz: 2600, Current Mhz: 2080, Mhz Limit: 2600
Processor Information for processor 2
  Max Mhz: 2600, Current Mhz: 2080, Mhz Limit: 2600
Processor Information for processor 3
  Max Mhz: 2600, Current Mhz: 2600, Mhz Limit: 2600
Processor Information for processor 4
  Max Mhz: 2600, Current Mhz: 2080, Mhz Limit: 2600
Processor Information for processor 5
  Max Mhz: 2600, Current Mhz: 2600, Mhz Limit: 2600
Processor Information for processor 6
  Max Mhz: 2600, Current Mhz: 2080, Mhz Limit: 2600
Processor Information for processor 7
  Max Mhz: 2600, Current Mhz: 2600, Mhz Limit: 2600

Memory: 4k page, system-wide physical 3429M (213M free)
TotalPageFile size 14181M (AvailPageFile size 24M)
current process WorkingSet (physical memory assigned to process): 121M, peak: 236M
current process commit charge ("private bytes"): 277M, peak: 278M

vm_info: OpenJDK 64-Bit Server VM (21.0.1+12-29) for windows-amd64 JRE (21.0.1+12-29), built on 2023-10-05T13:27:09Z by "mach5one" with MS VC++ 17.1 (VS2022)

END.
